<?xml version="1.0" encoding="UTF-8"?>
<!-- Generated by org.testng.reporters.JUnitXMLReporter -->
<testsuite hostname="pc-osenenko" name="Test" tests="17" failures="0" timestamp="26 Jun 2019 12:21:05 GMT" time="255.251" errors="0">
  <testcase name="ButtonLoginTest" time="0.576" classname="com.autotesting.framework.suits.IBLoginTest"/>
  <testcase name="ButtonForgotPasswordTest" time="1.03" classname="com.autotesting.framework.suits.IBLoginTest"/>
  <testcase name="ButtonRegistrationTest" time="1.467" classname="com.autotesting.framework.suits.IBLoginTest"/>
  <testcase name="ButtonRegistrationACPTest" time="1.048" classname="com.autotesting.framework.suits.IBLoginTest"/>
  <testcase name="ButtonLoginMSITest" time="1.507" classname="com.autotesting.framework.suits.IBLoginTest"/>
  <testcase name="ValidAuthorizationTest" time="6.421" classname="com.autotesting.framework.suits.IBLoginTest"/>
  <testcase name="ValidLoginAndEmptyPasswordTest" time="1.272" classname="com.autotesting.framework.suits.IBLoginTest"/>
  <testcase name="ValidLoginAndWrongPasswordTest" time="8.11" classname="com.autotesting.framework.suits.IBLoginTest"/>
  <testcase name="EmptyLoginAndValidPasswordTest" time="1.478" classname="com.autotesting.framework.suits.IBLoginTest"/>
  <testcase name="EmptyLoginAndEmptyPasswordTest" time="1.794" classname="com.autotesting.framework.suits.IBLoginTest"/>
  <testcase name="EmptyLoginAndWrongPasswordTest" time="1.443" classname="com.autotesting.framework.suits.IBLoginTest"/>
  <testcase name="WrongLoginAndValidPasswordTest" time="3.896" classname="com.autotesting.framework.suits.IBLoginTest"/>
  <testcase name="WrongLoginAndEmptyPasswordTest" time="1.615" classname="com.autotesting.framework.suits.IBLoginTest"/>
  <testcase name="WrongLoginAndWrongPasswordTest" time="2.028" classname="com.autotesting.framework.suits.IBLoginTest"/>
  <testcase name="CodeVisibleTest" time="4.273" classname="com.autotesting.framework.suits.IBLoginTest"/>
  <testcase name="ButtonUpdateTest" time="4.918" classname="com.autotesting.framework.suits.IBLoginTest"/>
  <testcase name="WrongImageCodeErrorTextTest" time="4.104" classname="com.autotesting.framework.suits.IBLoginTest"/>
</testsuite> <!-- Test -->
